==============================================================================

                  ------ MOMENTUM STATISTICS (MW mode) ------

              Momentum MomEngine_64 2023.10.445 (*) built: Nov  4 2022
                           Thu Apr 20 16:51:28 2023

==============================================================================


------------------------------------------------------------------------------
MESH
------------------------------------------------------------------------------
 Frequency         : 6 GHz

 Rectangular cells : 1664
 Triangular cells  : 0
 Via cells         : 0

 Edge currents     : 3172

------------------------------------------------------------------------------
SOLVER                        USER TIME      ELAPSED TIME      MEMORY         
PROCESSES                      (h:m:s)          (h:m:s)         (MB)          
------------------------------------------------------------------------------

SIMULATION SET-UP
-----------------
 Initialization           |     0: 0: 0   |     0: 0: 1   |     41.91   
 Ports analysis           |     0: 0: 0   |     0: 0: 0   |      0.06   
 Mesh processing          |     0: 0: 0   |     0: 0: 0   |     25.21   

 Matrix size : 7600
 Reduced matrix size : 7382
 Estimated process size : 1443.14 MB

 Simulation temperature : 298.15 K

1. SIMULATION FREQUENCY = 6 GHz 
-------------------------
 Green functions          |     0: 0: 0   |     0: 0: 0   |      2.06   
 Basis creation           |     0: 0: 1   |     0: 0: 0   |     94.17   
 Matrix load              |     0: 0:31   |     0: 0: 6   |    329.40   
 Matrix solve             |     0: 0: 8   |     0: 0: 2   |    204.90   
 S parameters             |     0: 0: 0   |     0: 0: 0   |      0.80   

------------------------------------------------------------------------------
TOTALS
------------------------------------------------------------------------------
 Nr of Frequencies   : 1 

 Physical memory :   699.59 MB
 Virtual memory  :   761.09 MB
 Page faults     :      256926
 User Time       :    0h 0m41s
 Elapsed Time    :    0h 0m 9s

==============================================================================

